2018-11-09 10:56:02 [scrapy.utils.log] INFO: Scrapy 1.5.1 started (bot: doubanMoviesM)
2018-11-09 10:56:02 [scrapy.utils.log] INFO: Versions: lxml 4.2.5.0, libxml2 2.9.5, cssselect 1.0.3, parsel 1.5.0, w3lib 1.19.0, Twisted 18.7.0, Python 3.7.0 (v3.7.0:1bf9cc5093, Jun 27 2018, 04:59:51) [MSC v.1914 64 bit (AMD64)], pyOpenSSL 18.0.0 (OpenSSL 1.1.0i  14 Aug 2018), cryptography 2.3.1, Platform Windows-7-6.1.7601-SP1
2018-11-09 10:56:02 [scrapy.crawler] INFO: Overridden settings: {'BOT_NAME': 'doubanMoviesM', 'LOG_ENABLED': False, 'LOG_FILE': 'log/movie_2018_11_9.log', 'NEWSPIDER_MODULE': 'doubanMoviesM.spiders', 'SPIDER_MODULES': ['doubanMoviesM.spiders']}
2018-11-09 10:56:02 [scrapy.middleware] INFO: Enabled extensions:
['scrapy.extensions.corestats.CoreStats',
 'scrapy.extensions.telnet.TelnetConsole',
 'scrapy.extensions.logstats.LogStats']
2018-11-09 10:56:02 [scrapy.middleware] INFO: Enabled downloader middlewares:
['scrapy.downloadermiddlewares.httpauth.HttpAuthMiddleware',
 'scrapy.downloadermiddlewares.downloadtimeout.DownloadTimeoutMiddleware',
 'scrapy.downloadermiddlewares.defaultheaders.DefaultHeadersMiddleware',
 'scrapy.downloadermiddlewares.useragent.UserAgentMiddleware',
 'scrapy.downloadermiddlewares.retry.RetryMiddleware',
 'scrapy.downloadermiddlewares.redirect.MetaRefreshMiddleware',
 'scrapy.downloadermiddlewares.httpcompression.HttpCompressionMiddleware',
 'scrapy.downloadermiddlewares.redirect.RedirectMiddleware',
 'scrapy.downloadermiddlewares.cookies.CookiesMiddleware',
 'scrapy.downloadermiddlewares.httpproxy.HttpProxyMiddleware',
 'scrapy.downloadermiddlewares.stats.DownloaderStats']
2018-11-09 10:56:02 [scrapy.middleware] INFO: Enabled spider middlewares:
['scrapy.spidermiddlewares.httperror.HttpErrorMiddleware',
 'scrapy.spidermiddlewares.offsite.OffsiteMiddleware',
 'doubanMoviesM.middlewares.MasterMovieMiddleware',
 'scrapy.spidermiddlewares.referer.RefererMiddleware',
 'scrapy.spidermiddlewares.urllength.UrlLengthMiddleware',
 'scrapy.spidermiddlewares.depth.DepthMiddleware']
2018-11-09 10:56:02 [twisted] CRITICAL: Unhandled error in Deferred:
2018-11-09 10:56:02 [twisted] CRITICAL: 
Traceback (most recent call last):
  File "C:\Program Files (x86)\Python\Python37\lib\site-packages\twisted\internet\defer.py", line 1418, in _inlineCallbacks
    result = g.send(result)
  File "C:\Program Files (x86)\Python\Python37\lib\site-packages\scrapy\crawler.py", line 80, in crawl
    self.engine = self._create_engine()
  File "C:\Program Files (x86)\Python\Python37\lib\site-packages\scrapy\crawler.py", line 105, in _create_engine
    return ExecutionEngine(self, lambda _: self.stop())
  File "C:\Program Files (x86)\Python\Python37\lib\site-packages\scrapy\core\engine.py", line 70, in __init__
    self.scraper = Scraper(crawler)
  File "C:\Program Files (x86)\Python\Python37\lib\site-packages\scrapy\core\scraper.py", line 71, in __init__
    self.itemproc = itemproc_cls.from_crawler(crawler)
  File "C:\Program Files (x86)\Python\Python37\lib\site-packages\scrapy\middleware.py", line 58, in from_crawler
    return cls.from_settings(crawler.settings, crawler)
  File "C:\Program Files (x86)\Python\Python37\lib\site-packages\scrapy\middleware.py", line 40, in from_settings
    mw = mwcls()
  File "D:\workAir\gitDown\code\PycharmProjects\doubanMoviesM\doubanMoviesM\pipelines.py", line 13, in __init__
    self.r = redis.Redis.from_url(host="localhost", port=6379)
TypeError: from_url() missing 1 required positional argument: 'url'
2018-11-09 10:56:46 [scrapy.utils.log] INFO: Scrapy 1.5.1 started (bot: doubanMoviesM)
2018-11-09 10:56:46 [scrapy.utils.log] INFO: Versions: lxml 4.2.5.0, libxml2 2.9.5, cssselect 1.0.3, parsel 1.5.0, w3lib 1.19.0, Twisted 18.7.0, Python 3.7.0 (v3.7.0:1bf9cc5093, Jun 27 2018, 04:59:51) [MSC v.1914 64 bit (AMD64)], pyOpenSSL 18.0.0 (OpenSSL 1.1.0i  14 Aug 2018), cryptography 2.3.1, Platform Windows-7-6.1.7601-SP1
2018-11-09 10:56:46 [scrapy.crawler] INFO: Overridden settings: {'BOT_NAME': 'doubanMoviesM', 'LOG_ENABLED': False, 'LOG_FILE': 'log/movie_2018_11_9.log', 'NEWSPIDER_MODULE': 'doubanMoviesM.spiders', 'SPIDER_MODULES': ['doubanMoviesM.spiders']}
2018-11-09 10:56:46 [scrapy.middleware] INFO: Enabled extensions:
['scrapy.extensions.corestats.CoreStats',
 'scrapy.extensions.telnet.TelnetConsole',
 'scrapy.extensions.logstats.LogStats']
2018-11-09 10:56:46 [scrapy.middleware] INFO: Enabled downloader middlewares:
['scrapy.downloadermiddlewares.httpauth.HttpAuthMiddleware',
 'scrapy.downloadermiddlewares.downloadtimeout.DownloadTimeoutMiddleware',
 'scrapy.downloadermiddlewares.defaultheaders.DefaultHeadersMiddleware',
 'scrapy.downloadermiddlewares.useragent.UserAgentMiddleware',
 'scrapy.downloadermiddlewares.retry.RetryMiddleware',
 'scrapy.downloadermiddlewares.redirect.MetaRefreshMiddleware',
 'scrapy.downloadermiddlewares.httpcompression.HttpCompressionMiddleware',
 'scrapy.downloadermiddlewares.redirect.RedirectMiddleware',
 'scrapy.downloadermiddlewares.cookies.CookiesMiddleware',
 'scrapy.downloadermiddlewares.httpproxy.HttpProxyMiddleware',
 'scrapy.downloadermiddlewares.stats.DownloaderStats']
2018-11-09 10:56:46 [scrapy.middleware] INFO: Enabled spider middlewares:
['scrapy.spidermiddlewares.httperror.HttpErrorMiddleware',
 'scrapy.spidermiddlewares.offsite.OffsiteMiddleware',
 'doubanMoviesM.middlewares.MasterMovieMiddleware',
 'scrapy.spidermiddlewares.referer.RefererMiddleware',
 'scrapy.spidermiddlewares.urllength.UrlLengthMiddleware',
 'scrapy.spidermiddlewares.depth.DepthMiddleware']
2018-11-09 10:56:46 [twisted] CRITICAL: Unhandled error in Deferred:
2018-11-09 10:56:46 [twisted] CRITICAL: 
Traceback (most recent call last):
  File "C:\Program Files (x86)\Python\Python37\lib\site-packages\twisted\internet\defer.py", line 1418, in _inlineCallbacks
    result = g.send(result)
  File "C:\Program Files (x86)\Python\Python37\lib\site-packages\scrapy\crawler.py", line 80, in crawl
    self.engine = self._create_engine()
  File "C:\Program Files (x86)\Python\Python37\lib\site-packages\scrapy\crawler.py", line 105, in _create_engine
    return ExecutionEngine(self, lambda _: self.stop())
  File "C:\Program Files (x86)\Python\Python37\lib\site-packages\scrapy\core\engine.py", line 70, in __init__
    self.scraper = Scraper(crawler)
  File "C:\Program Files (x86)\Python\Python37\lib\site-packages\scrapy\core\scraper.py", line 71, in __init__
    self.itemproc = itemproc_cls.from_crawler(crawler)
  File "C:\Program Files (x86)\Python\Python37\lib\site-packages\scrapy\middleware.py", line 58, in from_crawler
    return cls.from_settings(crawler.settings, crawler)
  File "C:\Program Files (x86)\Python\Python37\lib\site-packages\scrapy\middleware.py", line 40, in from_settings
    mw = mwcls()
  File "D:\workAir\gitDown\code\PycharmProjects\doubanMoviesM\doubanMoviesM\pipelines.py", line 13, in __init__
    self.r = redis.Redis.from_url(host='127.0.0.1', port=6379)
TypeError: from_url() missing 1 required positional argument: 'url'
2018-11-09 11:02:28 [scrapy.utils.log] INFO: Scrapy 1.5.1 started (bot: doubanMoviesM)
2018-11-09 11:02:28 [scrapy.utils.log] INFO: Versions: lxml 4.2.5.0, libxml2 2.9.5, cssselect 1.0.3, parsel 1.5.0, w3lib 1.19.0, Twisted 18.7.0, Python 3.7.0 (v3.7.0:1bf9cc5093, Jun 27 2018, 04:59:51) [MSC v.1914 64 bit (AMD64)], pyOpenSSL 18.0.0 (OpenSSL 1.1.0i  14 Aug 2018), cryptography 2.3.1, Platform Windows-7-6.1.7601-SP1
2018-11-09 11:02:28 [scrapy.crawler] INFO: Overridden settings: {'BOT_NAME': 'doubanMoviesM', 'LOG_ENABLED': False, 'LOG_FILE': 'log/movie_2018_11_9.log', 'NEWSPIDER_MODULE': 'doubanMoviesM.spiders', 'SPIDER_MODULES': ['doubanMoviesM.spiders']}
2018-11-09 11:02:28 [scrapy.middleware] INFO: Enabled extensions:
['scrapy.extensions.corestats.CoreStats',
 'scrapy.extensions.telnet.TelnetConsole',
 'scrapy.extensions.logstats.LogStats']
2018-11-09 11:02:28 [scrapy.middleware] INFO: Enabled downloader middlewares:
['scrapy.downloadermiddlewares.httpauth.HttpAuthMiddleware',
 'scrapy.downloadermiddlewares.downloadtimeout.DownloadTimeoutMiddleware',
 'scrapy.downloadermiddlewares.defaultheaders.DefaultHeadersMiddleware',
 'scrapy.downloadermiddlewares.useragent.UserAgentMiddleware',
 'scrapy.downloadermiddlewares.retry.RetryMiddleware',
 'scrapy.downloadermiddlewares.redirect.MetaRefreshMiddleware',
 'scrapy.downloadermiddlewares.httpcompression.HttpCompressionMiddleware',
 'scrapy.downloadermiddlewares.redirect.RedirectMiddleware',
 'scrapy.downloadermiddlewares.cookies.CookiesMiddleware',
 'scrapy.downloadermiddlewares.httpproxy.HttpProxyMiddleware',
 'scrapy.downloadermiddlewares.stats.DownloaderStats']
2018-11-09 11:02:28 [scrapy.middleware] INFO: Enabled spider middlewares:
['scrapy.spidermiddlewares.httperror.HttpErrorMiddleware',
 'scrapy.spidermiddlewares.offsite.OffsiteMiddleware',
 'doubanMoviesM.middlewares.MasterMovieMiddleware',
 'scrapy.spidermiddlewares.referer.RefererMiddleware',
 'scrapy.spidermiddlewares.urllength.UrlLengthMiddleware',
 'scrapy.spidermiddlewares.depth.DepthMiddleware']
2018-11-09 11:02:28 [scrapy.middleware] INFO: Enabled item pipelines:
['doubanMoviesM.pipelines.DoubanmoviesmPipeline']
2018-11-09 11:02:28 [scrapy.core.engine] INFO: Spider opened
2018-11-09 11:02:29 [scrapy.extensions.logstats] INFO: Crawled 0 pages (at 0 pages/min), scraped 0 items (at 0 items/min)
2018-11-09 11:02:29 [scrapy.extensions.telnet] DEBUG: Telnet console listening on 127.0.0.1:6023
2018-11-09 11:02:29 [scrapy.core.engine] DEBUG: Crawled (403) <GET https://movie.douban.com/tag/#/> (referer: None)
2018-11-09 11:02:29 [scrapy.spidermiddlewares.httperror] INFO: Ignoring response <403 https://movie.douban.com/tag/>: HTTP status code is not handled or not allowed
2018-11-09 11:02:29 [scrapy.core.engine] INFO: Closing spider (finished)
2018-11-09 11:02:29 [scrapy.statscollectors] INFO: Dumping Scrapy stats:
{'downloader/request_bytes': 219,
 'downloader/request_count': 1,
 'downloader/request_method_count/GET': 1,
 'downloader/response_bytes': 248,
 'downloader/response_count': 1,
 'downloader/response_status_count/403': 1,
 'finish_reason': 'finished',
 'finish_time': datetime.datetime(2018, 11, 9, 3, 2, 29, 633000),
 'httperror/response_ignored_count': 1,
 'httperror/response_ignored_status_count/403': 1,
 'log_count/DEBUG': 2,
 'log_count/INFO': 8,
 'response_received_count': 1,
 'scheduler/dequeued': 1,
 'scheduler/dequeued/memory': 1,
 'scheduler/enqueued': 1,
 'scheduler/enqueued/memory': 1,
 'start_time': datetime.datetime(2018, 11, 9, 3, 2, 29, 355000)}
2018-11-09 11:02:29 [scrapy.core.engine] INFO: Spider closed (finished)
