2018-11-13 16:26:37 [scrapy.utils.log] INFO: Scrapy 1.5.1 started (bot: doubanMoviesM)
2018-11-13 16:26:37 [scrapy.utils.log] INFO: Versions: lxml 4.2.5.0, libxml2 2.9.5, cssselect 1.0.3, parsel 1.5.0, w3lib 1.19.0, Twisted 18.7.0, Python 3.7.0 (v3.7.0:1bf9cc5093, Jun 27 2018, 04:59:51) [MSC v.1914 64 bit (AMD64)], pyOpenSSL 18.0.0 (OpenSSL 1.1.0i  14 Aug 2018), cryptography 2.3.1, Platform Windows-7-6.1.7601-SP1
2018-11-13 16:26:37 [scrapy.crawler] INFO: Overridden settings: {'BOT_NAME': 'doubanMoviesM', 'DOWNLOAD_DELAY': 10, 'LOG_ENABLED': False, 'LOG_FILE': 'log/movie_2018_11_13.log', 'NEWSPIDER_MODULE': 'doubanMoviesM.spiders', 'SPIDER_MODULES': ['doubanMoviesM.spiders'], 'USER_AGENT': 'Mozilla/5.0 (X11; Linux x86_64) AppleWebKit/537.36 (KHTML, like Gecko) Chrome/60.0.3112.113 Safari/537.36'}
2018-11-13 16:26:37 [scrapy.middleware] INFO: Enabled extensions:
['scrapy.extensions.corestats.CoreStats',
 'scrapy.extensions.telnet.TelnetConsole',
 'scrapy.extensions.logstats.LogStats']
2018-11-13 16:26:37 [scrapy.middleware] INFO: Enabled downloader middlewares:
['scrapy.downloadermiddlewares.httpauth.HttpAuthMiddleware',
 'scrapy.downloadermiddlewares.downloadtimeout.DownloadTimeoutMiddleware',
 'scrapy.downloadermiddlewares.defaultheaders.DefaultHeadersMiddleware',
 'scrapy.downloadermiddlewares.useragent.UserAgentMiddleware',
 'doubanMoviesM.middlewares.ProxyMiddleware',
 'doubanMoviesM.middlewares.DoubanmoviesmDownloaderMiddleware',
 'scrapy.downloadermiddlewares.retry.RetryMiddleware',
 'scrapy.downloadermiddlewares.redirect.MetaRefreshMiddleware',
 'scrapy.downloadermiddlewares.httpcompression.HttpCompressionMiddleware',
 'scrapy.downloadermiddlewares.redirect.RedirectMiddleware',
 'scrapy.downloadermiddlewares.cookies.CookiesMiddleware',
 'scrapy.downloadermiddlewares.httpproxy.HttpProxyMiddleware',
 'scrapy.downloadermiddlewares.stats.DownloaderStats']
2018-11-13 16:26:37 [scrapy.middleware] INFO: Enabled spider middlewares:
['scrapy.spidermiddlewares.httperror.HttpErrorMiddleware',
 'scrapy.spidermiddlewares.offsite.OffsiteMiddleware',
 'doubanMoviesM.middlewares.MasterMovieMiddleware',
 'scrapy.spidermiddlewares.referer.RefererMiddleware',
 'scrapy.spidermiddlewares.urllength.UrlLengthMiddleware',
 'scrapy.spidermiddlewares.depth.DepthMiddleware']
2018-11-13 16:26:37 [scrapy.middleware] INFO: Enabled item pipelines:
['doubanMoviesM.pipelines.DoubanmoviesmPipeline']
2018-11-13 16:26:37 [scrapy.core.engine] INFO: Spider opened
2018-11-13 16:26:37 [scrapy.extensions.logstats] INFO: Crawled 0 pages (at 0 pages/min), scraped 0 items (at 0 items/min)
2018-11-13 16:26:37 [mastermovie] INFO: Spider opened: mastermovie
2018-11-13 16:26:37 [scrapy.extensions.telnet] DEBUG: Telnet console listening on 127.0.0.1:6023
2018-11-13 16:26:37 [scrapy.core.scraper] ERROR: Error downloading <GET https://movie.douban.com/tag/#/>
Traceback (most recent call last):
  File "C:\Program Files (x86)\Python\Python37\lib\site-packages\twisted\internet\defer.py", line 1418, in _inlineCallbacks
    result = g.send(result)
  File "C:\Program Files (x86)\Python\Python37\lib\site-packages\scrapy\core\downloader\middleware.py", line 37, in process_request
    response = yield method(request=request, spider=spider)
  File "D:\workAir\gitDown\code\PycharmProjects\doubanMoviesM\doubanMoviesM\middlewares.py", line 137, in process_request
    ip = random.choice(self.ip)
  File "C:\Program Files (x86)\Python\Python37\lib\random.py", line 259, in choice
    i = self._randbelow(len(seq))
TypeError: object of type 'NoneType' has no len()
2018-11-13 16:26:37 [scrapy.core.engine] INFO: Closing spider (finished)
2018-11-13 16:26:37 [scrapy.statscollectors] INFO: Dumping Scrapy stats:
{'downloader/exception_count': 1,
 'downloader/exception_type_count/builtins.TypeError': 1,
 'finish_reason': 'finished',
 'finish_time': datetime.datetime(2018, 11, 13, 8, 26, 37, 546348),
 'log_count/DEBUG': 1,
 'log_count/ERROR': 1,
 'log_count/INFO': 8,
 'scheduler/dequeued': 1,
 'scheduler/dequeued/memory': 1,
 'scheduler/enqueued': 1,
 'scheduler/enqueued/memory': 1,
 'start_time': datetime.datetime(2018, 11, 13, 8, 26, 37, 324348)}
2018-11-13 16:26:37 [scrapy.core.engine] INFO: Spider closed (finished)
2018-11-13 17:39:20 [scrapy.utils.log] INFO: Scrapy 1.5.1 started (bot: doubanMoviesM)
2018-11-13 17:39:20 [scrapy.utils.log] INFO: Versions: lxml 4.2.5.0, libxml2 2.9.5, cssselect 1.0.3, parsel 1.5.0, w3lib 1.19.0, Twisted 18.7.0, Python 3.7.0 (v3.7.0:1bf9cc5093, Jun 27 2018, 04:59:51) [MSC v.1914 64 bit (AMD64)], pyOpenSSL 18.0.0 (OpenSSL 1.1.0i  14 Aug 2018), cryptography 2.3.1, Platform Windows-7-6.1.7601-SP1
2018-11-13 17:39:20 [scrapy.crawler] INFO: Overridden settings: {'BOT_NAME': 'doubanMoviesM', 'DOWNLOAD_DELAY': 10, 'LOG_ENABLED': False, 'LOG_FILE': 'log/movie_2018_11_13.log', 'NEWSPIDER_MODULE': 'doubanMoviesM.spiders', 'SPIDER_MODULES': ['doubanMoviesM.spiders'], 'USER_AGENT': 'Mozilla/5.0 (X11; Linux x86_64) AppleWebKit/537.36 (KHTML, like Gecko) Chrome/60.0.3112.113 Safari/537.36'}
2018-11-13 17:39:20 [scrapy.middleware] INFO: Enabled extensions:
['scrapy.extensions.corestats.CoreStats',
 'scrapy.extensions.telnet.TelnetConsole',
 'scrapy.extensions.logstats.LogStats']
2018-11-13 17:39:20 [scrapy.middleware] INFO: Enabled downloader middlewares:
['scrapy.downloadermiddlewares.httpauth.HttpAuthMiddleware',
 'scrapy.downloadermiddlewares.downloadtimeout.DownloadTimeoutMiddleware',
 'scrapy.downloadermiddlewares.defaultheaders.DefaultHeadersMiddleware',
 'scrapy.downloadermiddlewares.useragent.UserAgentMiddleware',
 'doubanMoviesM.middlewares.ProxyMiddleware',
 'doubanMoviesM.middlewares.DoubanmoviesmDownloaderMiddleware',
 'scrapy.downloadermiddlewares.retry.RetryMiddleware',
 'scrapy.downloadermiddlewares.redirect.MetaRefreshMiddleware',
 'scrapy.downloadermiddlewares.httpcompression.HttpCompressionMiddleware',
 'scrapy.downloadermiddlewares.redirect.RedirectMiddleware',
 'scrapy.downloadermiddlewares.cookies.CookiesMiddleware',
 'scrapy.downloadermiddlewares.httpproxy.HttpProxyMiddleware',
 'scrapy.downloadermiddlewares.stats.DownloaderStats']
2018-11-13 17:39:20 [scrapy.middleware] INFO: Enabled spider middlewares:
['scrapy.spidermiddlewares.httperror.HttpErrorMiddleware',
 'scrapy.spidermiddlewares.offsite.OffsiteMiddleware',
 'doubanMoviesM.middlewares.MasterMovieMiddleware',
 'scrapy.spidermiddlewares.referer.RefererMiddleware',
 'scrapy.spidermiddlewares.urllength.UrlLengthMiddleware',
 'scrapy.spidermiddlewares.depth.DepthMiddleware']
2018-11-13 17:39:20 [scrapy.middleware] INFO: Enabled item pipelines:
['doubanMoviesM.pipelines.DoubanmoviesmPipeline']
2018-11-13 17:39:20 [scrapy.core.engine] INFO: Spider opened
2018-11-13 17:39:20 [scrapy.extensions.logstats] INFO: Crawled 0 pages (at 0 pages/min), scraped 0 items (at 0 items/min)
2018-11-13 17:39:20 [mastermovie] INFO: Spider opened: mastermovie
2018-11-13 17:39:20 [scrapy.extensions.telnet] DEBUG: Telnet console listening on 127.0.0.1:6023
2018-11-13 17:39:21 [scrapy.downloadermiddlewares.retry] DEBUG: Retrying <GET https://movie.douban.com/tag/#/> (failed 1 times): Could not open CONNECT tunnel with proxy 123.114.207.124:8118 [{'status': 400, 'reason': b'Bad Request'}]
2018-11-13 17:39:34 [scrapy.downloadermiddlewares.retry] DEBUG: Retrying <GET https://movie.douban.com/tag/#/> (failed 2 times): Could not open CONNECT tunnel with proxy 123.114.207.124:8118 [{'status': 400, 'reason': b'Bad Request'}]
